[0505/092538.336:ERROR:process_memory_win.cc(73)] ReadMemory at 0x2c6169fadf0 of 72 bytes failed: Only part of a ReadProcessMemory or WriteProcessMemory request was completed. (0x12B)
[0505/092538.339:WARNING:pe_image_annotations_reader.cc(135)] could not read annotations list object in D:\Program Files (x86)\Google\Chrome\Application\85.0.4183.102\chrome_elf.dll
[0505/092538.339:ERROR:process_memory_win.cc(73)] ReadMemory at 0x2c616a37350 of 72 bytes failed: Only part of a ReadProcessMemory or WriteProcessMemory request was completed. (0x12B)
[0505/092538.339:WARNING:pe_image_annotations_reader.cc(135)] could not read annotations list object in D:\Program Files (x86)\Google\Chrome\Application\85.0.4183.102\chrome.dll
[0505/092538.346:ERROR:process_memory_win.cc(73)] ReadMemory at 0x2c6169fadf0 of 72 bytes failed: Only part of a ReadProcessMemory or WriteProcessMemory request was completed. (0x12B)
[0505/092538.346:WARNING:pe_image_annotations_reader.cc(135)] could not read annotations list object in D:\Program Files (x86)\Google\Chrome\Application\85.0.4183.102\chrome_elf.dll
[0505/092538.346:ERROR:process_memory_win.cc(73)] ReadMemory at 0x2c616a37350 of 72 bytes failed: Only part of a ReadProcessMemory or WriteProcessMemory request was completed. (0x12B)
[0505/092538.346:WARNING:pe_image_annotations_reader.cc(135)] could not read annotations list object in D:\Program Files (x86)\Google\Chrome\Application\85.0.4183.102\chrome.dll
[0505/092538.347:ERROR:process_memory_win.cc(73)] ReadMemory at 0x2c6169fadf0 of 72 bytes failed: Only part of a ReadProcessMemory or WriteProcessMemory request was completed. (0x12B)
[0505/092538.347:WARNING:pe_image_annotations_reader.cc(135)] could not read annotations list object in D:\Program Files (x86)\Google\Chrome\Application\85.0.4183.102\chrome_elf.dll
[0505/092538.347:ERROR:process_memory_win.cc(73)] ReadMemory at 0x2c616a37350 of 72 bytes failed: Only part of a ReadProcessMemory or WriteProcessMemory request was completed. (0x12B)
[0505/092538.347:WARNING:pe_image_annotations_reader.cc(135)] could not read annotations list object in D:\Program Files (x86)\Google\Chrome\Application\85.0.4183.102\chrome.dll
[0505/092538.354:ERROR:process_memory_win.cc(73)] ReadMemory at 0xfdedbe3000 of 118784 bytes failed: Only part of a ReadProcessMemory or WriteProcessMemory request was completed. (0x12B)
[0505/092538.354:ERROR:process_memory_win.cc(73)] ReadMemory at 0xfdee3fd000 of 12288 bytes failed: Only part of a ReadProcessMemory or WriteProcessMemory request was completed. (0x12B)
[0505/092538.354:ERROR:process_memory_win.cc(73)] ReadMemory at 0xfdeebfd000 of 12288 bytes failed: Only part of a ReadProcessMemory or WriteProcessMemory request was completed. (0x12B)
[0505/092538.354:ERROR:process_memory_win.cc(73)] ReadMemory at 0xfdef3fc000 of 16384 bytes failed: Only part of a ReadProcessMemory or WriteProcessMemory request was completed. (0x12B)
[0505/092538.354:ERROR:process_memory_win.cc(73)] ReadMemory at 0xfdefbfb000 of 20480 bytes failed: Only part of a ReadProcessMemory or WriteProcessMemory request was completed. (0x12B)
[0505/092538.354:ERROR:process_memory_win.cc(73)] ReadMemory at 0xfdf03fe000 of 8192 bytes failed: Only part of a ReadProcessMemory or WriteProcessMemory request was completed. (0x12B)
[0505/092538.354:ERROR:process_memory_win.cc(73)] ReadMemory at 0xfdf0bfd000 of 12288 bytes failed: Only part of a ReadProcessMemory or WriteProcessMemory request was completed. (0x12B)
[0505/092538.355:ERROR:process_memory_win.cc(73)] ReadMemory at 0xfdf13fc000 of 16384 bytes failed: Only part of a ReadProcessMemory or WriteProcessMemory request was completed. (0x12B)
[0505/092538.355:ERROR:process_memory_win.cc(73)] ReadMemory at 0xfdf1bfd000 of 12288 bytes failed: Only part of a ReadProcessMemory or WriteProcessMemory request was completed. (0x12B)
[0505/092538.355:ERROR:process_memory_win.cc(73)] ReadMemory at 0xfdf23fd000 of 12288 bytes failed: Only part of a ReadProcessMemory or WriteProcessMemory request was completed. (0x12B)
[0505/092538.355:ERROR:process_memory_win.cc(73)] ReadMemory at 0xfdf2bf6000 of 40960 bytes failed: Only part of a ReadProcessMemory or WriteProcessMemory request was completed. (0x12B)
[0505/092538.355:ERROR:process_memory_win.cc(73)] ReadMemory at 0xfdf33f6000 of 40960 bytes failed: Only part of a ReadProcessMemory or WriteProcessMemory request was completed. (0x12B)
[0505/092538.355:ERROR:process_memory_win.cc(73)] ReadMemory at 0xfdf3bfd000 of 12288 bytes failed: Only part of a ReadProcessMemory or WriteProcessMemory request was completed. (0x12B)
[0505/092538.355:ERROR:process_memory_win.cc(73)] ReadMemory at 0xfdf43fd000 of 12288 bytes failed: Only part of a ReadProcessMemory or WriteProcessMemory request was completed. (0x12B)
[0505/092538.355:ERROR:process_memory_win.cc(73)] ReadMemory at 0xfdf4bfd000 of 12288 bytes failed: Only part of a ReadProcessMemory or WriteProcessMemory request was completed. (0x12B)
[0505/092538.355:ERROR:process_memory_win.cc(73)] ReadMemory at 0xfded3b4000 of 852 bytes failed: Only part of a ReadProcessMemory or WriteProcessMemory request was completed. (0x12B)
[0505/092538.355:ERROR:process_memory_win.cc(73)] ReadMemory at 0xfded3b5000 of 6024 bytes failed: Only part of a ReadProcessMemory or WriteProcessMemory request was completed. (0x12B)
[0505/092538.356:ERROR:process_memory_win.cc(73)] ReadMemory at 0xfded3b7000 of 6024 bytes failed: Only part of a ReadProcessMemory or WriteProcessMemory request was completed. (0x12B)
[0505/092538.356:ERROR:process_memory_win.cc(73)] ReadMemory at 0xfded3b9000 of 6024 bytes failed: Only part of a ReadProcessMemory or WriteProcessMemory request was completed. (0x12B)
[0505/092538.356:ERROR:process_memory_win.cc(73)] ReadMemory at 0xfded3bb000 of 6024 bytes failed: Only part of a ReadProcessMemory or WriteProcessMemory request was completed. (0x12B)
[0505/092538.356:ERROR:process_memory_win.cc(73)] ReadMemory at 0xfded3bd000 of 6024 bytes failed: Only part of a ReadProcessMemory or WriteProcessMemory request was completed. (0x12B)
[0505/092538.356:ERROR:process_memory_win.cc(73)] ReadMemory at 0xfded3bf000 of 6024 bytes failed: Only part of a ReadProcessMemory or WriteProcessMemory request was completed. (0x12B)
[0505/092538.356:ERROR:process_memory_win.cc(73)] ReadMemory at 0xfded3c1000 of 6024 bytes failed: Only part of a ReadProcessMemory or WriteProcessMemory request was completed. (0x12B)
[0505/092538.356:ERROR:process_memory_win.cc(73)] ReadMemory at 0xfded3c3000 of 6024 bytes failed: Only part of a ReadProcessMemory or WriteProcessMemory request was completed. (0x12B)
[0505/092538.356:ERROR:process_memory_win.cc(73)] ReadMemory at 0xfded3c5000 of 6024 bytes failed: Only part of a ReadProcessMemory or WriteProcessMemory request was completed. (0x12B)
[0505/092538.356:ERROR:process_memory_win.cc(73)] ReadMemory at 0xfded3c7000 of 6024 bytes failed: Only part of a ReadProcessMemory or WriteProcessMemory request was completed. (0x12B)
[0505/092538.356:ERROR:process_memory_win.cc(73)] ReadMemory at 0xfded3c9000 of 6024 bytes failed: Only part of a ReadProcessMemory or WriteProcessMemory request was completed. (0x12B)
[0505/092538.356:ERROR:process_memory_win.cc(73)] ReadMemory at 0xfded3cb000 of 6024 bytes failed: Only part of a ReadProcessMemory or WriteProcessMemory request was completed. (0x12B)
[0505/092538.356:ERROR:process_memory_win.cc(73)] ReadMemory at 0xfded3cd000 of 6024 bytes failed: Only part of a ReadProcessMemory or WriteProcessMemory request was completed. (0x12B)
[0505/092538.357:ERROR:process_memory_win.cc(73)] ReadMemory at 0xfded3cf000 of 6024 bytes failed: Only part of a ReadProcessMemory or WriteProcessMemory request was completed. (0x12B)
[0505/092538.357:ERROR:process_memory_win.cc(73)] ReadMemory at 0xfded3d1000 of 6024 bytes failed: Only part of a ReadProcessMemory or WriteProcessMemory request was completed. (0x12B)
[0505/092538.357:ERROR:process_memory_win.cc(73)] ReadMemory at 0x2c6169f0fe0 of 6032 bytes failed: Only part of a ReadProcessMemory or WriteProcessMemory request was completed. (0x12B)
[0505/092538.357:ERROR:process_memory_win.cc(73)] ReadMemory at 0x2c6169f2780 of 1012 bytes failed: Only part of a ReadProcessMemory or WriteProcessMemory request was completed. (0x12B)
[0505/092538.357:ERROR:process_memory_win.cc(73)] ReadMemory at 0x2c6169f2dc8 of 118 bytes failed: Only part of a ReadProcessMemory or WriteProcessMemory request was completed. (0x12B)
[0505/092538.357:ERROR:process_memory_win.cc(73)] ReadMemory at 0x2c6169f2e40 of 1258 bytes failed: Only part of a ReadProcessMemory or WriteProcessMemory request was completed. (0x12B)
[0505/092538.357:ERROR:process_memory_win.cc(73)] ReadMemory at 0x2c6169f332c of 118 bytes failed: Only part of a ReadProcessMemory or WriteProcessMemory request was completed. (0x12B)
[0505/092538.357:ERROR:process_memory_win.cc(73)] ReadMemory at 0x2c6169f33a4 of 96 bytes failed: Only part of a ReadProcessMemory or WriteProcessMemory request was completed. (0x12B)
[0505/092538.357:ERROR:process_memory_win.cc(73)] ReadMemory at 0x2c6169f3410 of 58 bytes failed: Only part of a ReadProcessMemory or WriteProcessMemory request was completed. (0x12B)
[0505/092538.357:ERROR:process_memory_win.cc(73)] ReadMemory at 0x2c6169f3510 of 132 bytes failed: Only part of a ReadProcessMemory or WriteProcessMemory request was completed. (0x12B)
[0505/092538.357:ERROR:process_memory_win.cc(73)] ReadMemory at 0x2c6169f36a0 of 132 bytes failed: Only part of a ReadProcessMemory or WriteProcessMemory request was completed. (0x12B)
[0505/092538.357:ERROR:process_memory_win.cc(73)] ReadMemory at 0x2c6169f3860 of 126 bytes failed: Only part of a ReadProcessMemory or WriteProcessMemory request was completed. (0x12B)
[0505/092538.357:ERROR:process_memory_win.cc(73)] ReadMemory at 0x2c6169f3c40 of 132 bytes failed: Only part of a ReadProcessMemory or WriteProcessMemory request was completed. (0x12B)
[0505/092538.357:ERROR:process_memory_win.cc(73)] ReadMemory at 0x2c6169f3dd0 of 64 bytes failed: Only part of a ReadProcessMemory or WriteProcessMemory request was completed. (0x12B)
[0505/092538.357:ERROR:process_memory_win.cc(73)] ReadMemory at 0x2c6169f4250 of 132 bytes failed: Only part of a ReadProcessMemory or WriteProcessMemory request was completed. (0x12B)
[0505/092538.357:ERROR:process_memory_win.cc(73)] ReadMemory at 0x2c6169f43e0 of 68 bytes failed: Only part of a ReadProcessMemory or WriteProcessMemory request was completed. (0x12B)
[0505/092538.358:ERROR:process_memory_win.cc(73)] ReadMemory at 0x2c6169f5630 of 132 bytes failed: Only part of a ReadProcessMemory or WriteProcessMemory request was completed. (0x12B)
[0505/092538.358:ERROR:process_memory_win.cc(73)] ReadMemory at 0x2c6169f5840 of 132 bytes failed: Only part of a ReadProcessMemory or WriteProcessMemory request was completed. (0x12B)
[0505/092538.358:ERROR:process_memory_win.cc(73)] ReadMemory at 0x2c6169f5970 of 154 bytes failed: Only part of a ReadProcessMemory or WriteProcessMemory request was completed. (0x12B)
[0505/092538.358:ERROR:process_memory_win.cc(73)] ReadMemory at 0x2c6169f67c0 of 62 bytes failed: Only part of a ReadProcessMemory or WriteProcessMemory request was completed. (0x12B)
[0505/092538.358:ERROR:process_memory_win.cc(73)] ReadMemory at 0x2c6169f69b0 of 132 bytes failed: Only part of a ReadProcessMemory or WriteProcessMemory request was completed. (0x12B)
[0505/092538.358:ERROR:process_memory_win.cc(73)] ReadMemory at 0x2c6169f6ae0 of 60 bytes failed: Only part of a ReadProcessMemory or WriteProcessMemory request was completed. (0x12B)
[0505/092538.358:ERROR:process_memory_win.cc(73)] ReadMemory at 0x2c616a02280 of 80 bytes failed: Only part of a ReadProcessMemory or WriteProcessMemory request was completed. (0x12B)
[0505/092538.358:ERROR:process_memory_win.cc(73)] ReadMemory at 0x2c616a04190 of 146 bytes failed: Only part of a ReadProcessMemory or WriteProcessMemory request was completed. (0x12B)
[0505/092538.358:ERROR:process_memory_win.cc(73)] ReadMemory at 0x2c616a04650 of 132 bytes failed: Only part of a ReadProcessMemory or WriteProcessMemory request was completed. (0x12B)
[0505/092538.358:ERROR:process_memory_win.cc(73)] ReadMemory at 0x2c616a04970 of 132 bytes failed: Only part of a ReadProcessMemory or WriteProcessMemory request was completed. (0x12B)
[0505/092538.358:ERROR:process_memory_win.cc(73)] ReadMemory at 0x2c616a05b70 of 132 bytes failed: Only part of a ReadProcessMemory or WriteProcessMemory request was completed. (0x12B)
[0505/092538.359:ERROR:process_memory_win.cc(73)] ReadMemory at 0x2c616a05ca0 of 132 bytes failed: Only part of a ReadProcessMemory or WriteProcessMemory request was completed. (0x12B)
[0505/092538.359:ERROR:process_memory_win.cc(73)] ReadMemory at 0x2c616a07d90 of 60 bytes failed: Only part of a ReadProcessMemory or WriteProcessMemory request was completed. (0x12B)
[0505/092538.359:ERROR:process_memory_win.cc(73)] ReadMemory at 0x2c616a07de0 of 64 bytes failed: Only part of a ReadProcessMemory or WriteProcessMemory request was completed. (0x12B)
[0505/092538.359:ERROR:process_memory_win.cc(73)] ReadMemory at 0x2c616a07e30 of 64 bytes failed: Only part of a ReadProcessMemory or WriteProcessMemory request was completed. (0x12B)
[0505/092538.359:ERROR:process_memory_win.cc(73)] ReadMemory at 0x2c616a07f70 of 66 bytes failed: Only part of a ReadProcessMemory or WriteProcessMemory request was completed. (0x12B)
[0505/092538.359:ERROR:process_memory_win.cc(73)] ReadMemory at 0x2c616a080b0 of 62 bytes failed: Only part of a ReadProcessMemory or WriteProcessMemory request was completed. (0x12B)
[0505/092538.359:ERROR:process_memory_win.cc(73)] ReadMemory at 0x2c616a081a0 of 62 bytes failed: Only part of a ReadProcessMemory or WriteProcessMemory request was completed. (0x12B)
[0505/092538.359:ERROR:process_memory_win.cc(73)] ReadMemory at 0x2c616a08240 of 64 bytes failed: Only part of a ReadProcessMemory or WriteProcessMemory request was completed. (0x12B)
[0505/092538.359:ERROR:process_memory_win.cc(73)] ReadMemory at 0x2c616a08290 of 62 bytes failed: Only part of a ReadProcessMemory or WriteProcessMemory request was completed. (0x12B)
[0505/092538.359:ERROR:process_memory_win.cc(73)] ReadMemory at 0x2c616a08330 of 62 bytes failed: Only part of a ReadProcessMemory or WriteProcessMemory request was completed. (0x12B)
[0505/092538.359:ERROR:process_memory_win.cc(73)] ReadMemory at 0x2c616a083d0 of 64 bytes failed: Only part of a ReadProcessMemory or WriteProcessMemory request was completed. (0x12B)
[0505/092538.359:ERROR:process_memory_win.cc(73)] ReadMemory at 0x2c616a08420 of 62 bytes failed: Only part of a ReadProcessMemory or WriteProcessMemory request was completed. (0x12B)
[0505/092538.359:ERROR:process_memory_win.cc(73)] ReadMemory at 0x2c616a08510 of 62 bytes failed: Only part of a ReadProcessMemory or WriteProcessMemory request was completed. (0x12B)
[0505/092538.359:ERROR:process_memory_win.cc(73)] ReadMemory at 0x2c616a08560 of 64 bytes failed: Only part of a ReadProcessMemory or WriteProcessMemory request was completed. (0x12B)
[0505/092538.359:ERROR:process_memory_win.cc(73)] ReadMemory at 0x2c616a08600 of 62 bytes failed: Only part of a ReadProcessMemory or WriteProcessMemory request was completed. (0x12B)
[0505/092538.359:ERROR:process_memory_win.cc(73)] ReadMemory at 0x2c616a086f0 of 60 bytes failed: Only part of a ReadProcessMemory or WriteProcessMemory request was completed. (0x12B)
[0505/092538.359:ERROR:process_memory_win.cc(73)] ReadMemory at 0x2c616a087e0 of 62 bytes failed: Only part of a ReadProcessMemory or WriteProcessMemory request was completed. (0x12B)
[0505/092538.359:ERROR:process_memory_win.cc(73)] ReadMemory at 0x2c616a08a10 of 64 bytes failed: Only part of a ReadProcessMemory or WriteProcessMemory request was completed. (0x12B)
[0505/092538.359:ERROR:process_memory_win.cc(73)] ReadMemory at 0x2c616a08ab0 of 58 bytes failed: Only part of a ReadProcessMemory or WriteProcessMemory request was completed. (0x12B)
[0505/092538.359:ERROR:process_memory_win.cc(73)] ReadMemory at 0x2c616a08bf0 of 60 bytes failed: Only part of a ReadProcessMemory or WriteProcessMemory request was completed. (0x12B)
[0505/092538.359:ERROR:process_memory_win.cc(73)] ReadMemory at 0x2c616a08c40 of 62 bytes failed: Only part of a ReadProcessMemory or WriteProcessMemory request was completed. (0x12B)
[0505/092538.359:ERROR:process_memory_win.cc(73)] ReadMemory at 0x2c616a08ce0 of 64 bytes failed: Only part of a ReadProcessMemory or WriteProcessMemory request was completed. (0x12B)
[0505/092538.359:ERROR:process_memory_win.cc(73)] ReadMemory at 0x2c616a0a570 of 132 bytes failed: Only part of a ReadProcessMemory or WriteProcessMemory request was completed. (0x12B)
[0505/092538.359:ERROR:process_memory_win.cc(73)] ReadMemory at 0x2c616a0a6a0 of 132 bytes failed: Only part of a ReadProcessMemory or WriteProcessMemory request was completed. (0x12B)
[0505/092538.360:ERROR:process_memory_win.cc(73)] ReadMemory at 0x2c616a0a7d0 of 132 bytes failed: Only part of a ReadProcessMemory or WriteProcessMemory request was completed. (0x12B)
[0505/092538.360:ERROR:process_memory_win.cc(73)] ReadMemory at 0x2c616a0a900 of 132 bytes failed: Only part of a ReadProcessMemory or WriteProcessMemory request was completed. (0x12B)
[0505/092538.360:ERROR:process_memory_win.cc(73)] ReadMemory at 0x2c616a0aa30 of 132 bytes failed: Only part of a ReadProcessMemory or WriteProcessMemory request was completed. (0x12B)
[0505/092538.360:ERROR:process_memory_win.cc(73)] ReadMemory at 0x2c616a0ab60 of 132 bytes failed: Only part of a ReadProcessMemory or WriteProcessMemory request was completed. (0x12B)
[0505/092538.360:ERROR:process_memory_win.cc(73)] ReadMemory at 0x2c616a0b200 of 132 bytes failed: Only part of a ReadProcessMemory or WriteProcessMemory request was completed. (0x12B)
[0505/092538.360:ERROR:process_memory_win.cc(73)] ReadMemory at 0x2c616a0b5d0 of 132 bytes failed: Only part of a ReadProcessMemory or WriteProcessMemory request was completed. (0x12B)
[0505/092538.360:ERROR:process_memory_win.cc(73)] ReadMemory at 0x2c616a116e0 of 132 bytes failed: Only part of a ReadProcessMemory or WriteProcessMemory request was completed. (0x12B)
[0505/092538.360:ERROR:process_memory_win.cc(73)] ReadMemory at 0x2c616a11a30 of 132 bytes failed: Only part of a ReadProcessMemory or WriteProcessMemory request was completed. (0x12B)
[0505/092538.360:ERROR:process_memory_win.cc(73)] ReadMemory at 0x2c616a11c40 of 132 bytes failed: Only part of a ReadProcessMemory or WriteProcessMemory request was completed. (0x12B)
[0505/092538.360:ERROR:process_memory_win.cc(73)] ReadMemory at 0x2c616a12b30 of 132 bytes failed: Only part of a ReadProcessMemory or WriteProcessMemory request was completed. (0x12B)
[0505/092538.360:ERROR:process_memory_win.cc(73)] ReadMemory at 0x2c616a12c60 of 132 bytes failed: Only part of a ReadProcessMemory or WriteProcessMemory request was completed. (0x12B)
[0505/092538.360:ERROR:process_memory_win.cc(73)] ReadMemory at 0x2c616a12d90 of 132 bytes failed: Only part of a ReadProcessMemory or WriteProcessMemory request was completed. (0x12B)
[0505/092538.360:ERROR:process_memory_win.cc(73)] ReadMemory at 0x2c616a13250 of 132 bytes failed: Only part of a ReadProcessMemory or WriteProcessMemory request was completed. (0x12B)
[0505/092538.360:ERROR:process_memory_win.cc(73)] ReadMemory at 0x2c616a13710 of 132 bytes failed: Only part of a ReadProcessMemory or WriteProcessMemory request was completed. (0x12B)
[0505/092538.360:ERROR:process_memory_win.cc(73)] ReadMemory at 0x2c616a13970 of 132 bytes failed: Only part of a ReadProcessMemory or WriteProcessMemory request was completed. (0x12B)
[0505/092538.360:ERROR:process_memory_win.cc(73)] ReadMemory at 0x2c616a13aa0 of 132 bytes failed: Only part of a ReadProcessMemory or WriteProcessMemory request was completed. (0x12B)
[0505/092538.360:ERROR:process_memory_win.cc(73)] ReadMemory at 0x2c616a13bd0 of 132 bytes failed: Only part of a ReadProcessMemory or WriteProcessMemory request was completed. (0x12B)
[0505/092538.360:ERROR:process_memory_win.cc(73)] ReadMemory at 0x2c616a13d00 of 132 bytes failed: Only part of a ReadProcessMemory or WriteProcessMemory request was completed. (0x12B)
[0505/092538.360:ERROR:process_memory_win.cc(73)] ReadMemory at 0x2c616a13e30 of 132 bytes failed: Only part of a ReadProcessMemory or WriteProcessMemory request was completed. (0x12B)
[0505/092538.360:ERROR:process_memory_win.cc(73)] ReadMemory at 0x2c616a1c800 of 80 bytes failed: Only part of a ReadProcessMemory or WriteProcessMemory request was completed. (0x12B)
[0505/092538.360:ERROR:process_memory_win.cc(73)] ReadMemory at 0x2c616a23b00 of 60 bytes failed: Only part of a ReadProcessMemory or WriteProcessMemory request was completed. (0x12B)
[0505/092538.360:ERROR:process_memory_win.cc(73)] ReadMemory at 0x2c616a7e460 of 928 bytes failed: Only part of a ReadProcessMemory or WriteProcessMemory request was completed. (0x12B)
[0505/092538.360:ERROR:process_memory_win.cc(73)] ReadMemory at 0x2c616a83c50 of 512 bytes failed: Only part of a ReadProcessMemory or WriteProcessMemory request was completed. (0x12B)
[0505/092538.360:ERROR:process_memory_win.cc(73)] ReadMemory at 0x2c616a843d0 of 512 bytes failed: Only part of a ReadProcessMemory or WriteProcessMemory request was completed. (0x12B)
[0505/092538.360:ERROR:process_memory_win.cc(73)] ReadMemory at 0x2c616a86450 of 512 bytes failed: Only part of a ReadProcessMemory or WriteProcessMemory request was completed. (0x12B)
[0505/092538.360:ERROR:process_memory_win.cc(73)] ReadMemory at 0x2c616aacac0 of 512 bytes failed: Only part of a ReadProcessMemory or WriteProcessMemory request was completed. (0x12B)
[0505/092538.361:ERROR:process_memory_win.cc(73)] ReadMemory at 0x2c616aaf720 of 512 bytes failed: Only part of a ReadProcessMemory or WriteProcessMemory request was completed. (0x12B)
[0505/092538.361:ERROR:process_memory_win.cc(73)] ReadMemory at 0x2c616ab0b00 of 512 bytes failed: Only part of a ReadProcessMemory or WriteProcessMemory request was completed. (0x12B)
[0505/092538.361:ERROR:process_memory_win.cc(73)] ReadMemory at 0x2c616ab9d70 of 712 bytes failed: Only part of a ReadProcessMemory or WriteProcessMemory request was completed. (0x12B)
[0505/092538.361:ERROR:process_memory_win.cc(73)] ReadMemory at 0x2c616aceb80 of 512 bytes failed: Only part of a ReadProcessMemory or WriteProcessMemory request was completed. (0x12B)
[0505/092538.361:ERROR:process_memory_win.cc(73)] ReadMemory at 0x2c616acfa68 of 512 bytes failed: Only part of a ReadProcessMemory or WriteProcessMemory request was completed. (0x12B)
[0505/092538.361:ERROR:process_memory_win.cc(73)] ReadMemory at 0x2c616ad0500 of 512 bytes failed: Only part of a ReadProcessMemory or WriteProcessMemory request was completed. (0x12B)
[0505/092538.361:ERROR:process_memory_win.cc(73)] ReadMemory at 0x2c616bc0f40 of 512 bytes failed: Only part of a ReadProcessMemory or WriteProcessMemory request was completed. (0x12B)
[0505/092538.361:ERROR:process_memory_win.cc(73)] ReadMemory at 0x2c616bc1840 of 512 bytes failed: Only part of a ReadProcessMemory or WriteProcessMemory request was completed. (0x12B)
[0505/092538.361:ERROR:process_memory_win.cc(73)] ReadMemory at 0x2c616bc1e40 of 512 bytes failed: Only part of a ReadProcessMemory or WriteProcessMemory request was completed. (0x12B)
[0505/092538.361:ERROR:process_memory_win.cc(73)] ReadMemory at 0x2c61839d1d0 of 512 bytes failed: Only part of a ReadProcessMemory or WriteProcessMemory request was completed. (0x12B)
[0505/092538.361:ERROR:process_memory_win.cc(73)] ReadMemory at 0x2c618573c50 of 512 bytes failed: Only part of a ReadProcessMemory or WriteProcessMemory request was completed. (0x12B)
[0505/092538.361:ERROR:process_memory_win.cc(73)] ReadMemory at 0x2c6185753d0 of 512 bytes failed: Only part of a ReadProcessMemory or WriteProcessMemory request was completed. (0x12B)
[0505/092538.362:ERROR:scoped_process_suspend.cc(40)] NtResumeProcess: An attempt was made to access an exiting process. (0xc000010a)
[0603/110401.076:ERROR:process_memory_win.cc(73)] ReadMemory at 0x7ff7ecbe0000 of 64 bytes failed: Only part of a ReadProcessMemory or WriteProcessMemory request was completed. (0x12B)
[0603/110401.078:WARNING:pe_image_reader.cc(340)] could not read dos header from D:\Program Files (x86)\Google\Chrome\Application\chrome.exe
[0603/110401.078:ERROR:process_memory_win.cc(73)] ReadMemory at 0x7ffd42550000 of 64 bytes failed: Only part of a ReadProcessMemory or WriteProcessMemory request was completed. (0x12B)
[0603/110401.078:WARNING:pe_image_reader.cc(340)] could not read dos header from C:\Windows\SYSTEM32\ntdll.dll
[0603/110401.078:ERROR:process_memory_win.cc(73)] ReadMemory at 0x7ffd40820000 of 64 bytes failed: Only part of a ReadProcessMemory or WriteProcessMemory request was completed. (0x12B)
[0603/110401.078:WARNING:pe_image_reader.cc(340)] could not read dos header from C:\Windows\System32\KERNEL32.DLL
[0603/110401.078:ERROR:process_memory_win.cc(73)] ReadMemory at 0x7ffd3fd10000 of 64 bytes failed: Only part of a ReadProcessMemory or WriteProcessMemory request was completed. (0x12B)
[0603/110401.078:WARNING:pe_image_reader.cc(340)] could not read dos header from C:\Windows\System32\KERNELBASE.dll
[0603/110401.078:ERROR:process_memory_win.cc(73)] ReadMemory at 0x7ffd187a0000 of 64 bytes failed: Only part of a ReadProcessMemory or WriteProcessMemory request was completed. (0x12B)
[0603/110401.078:WARNING:pe_image_reader.cc(340)] could not read dos header from D:\Program Files (x86)\Google\Chrome\Application\85.0.4183.102\chrome_elf.dll
[0603/110401.078:ERROR:process_memory_win.cc(73)] ReadMemory at 0x7ffd3a1b0000 of 64 bytes failed: Only part of a ReadProcessMemory or WriteProcessMemory request was completed. (0x12B)
[0603/110401.078:WARNING:pe_image_reader.cc(340)] could not read dos header from C:\Windows\SYSTEM32\VERSION.dll
[0603/110401.078:ERROR:process_memory_win.cc(73)] ReadMemory at 0x7ffd40e10000 of 64 bytes failed: Only part of a ReadProcessMemory or WriteProcessMemory request was completed. (0x12B)
[0603/110401.078:WARNING:pe_image_reader.cc(340)] could not read dos header from C:\Windows\System32\msvcrt.dll
[0603/110401.078:ERROR:process_memory_win.cc(73)] ReadMemory at 0x7ffd41980000 of 64 bytes failed: Only part of a ReadProcessMemory or WriteProcessMemory request was completed. (0x12B)
[0603/110401.078:WARNING:pe_image_reader.cc(340)] could not read dos header from C:\Windows\System32\ADVAPI32.dll
[0603/110401.078:ERROR:process_memory_win.cc(73)] ReadMemory at 0x7ffd41f30000 of 64 bytes failed: Only part of a ReadProcessMemory or WriteProcessMemory request was completed. (0x12B)
[0603/110401.078:WARNING:pe_image_reader.cc(340)] could not read dos header from C:\Windows\System32\sechost.dll
[0603/110401.078:ERROR:process_memory_win.cc(73)] ReadMemory at 0x7ffd423e0000 of 64 bytes failed: Only part of a ReadProcessMemory or WriteProcessMemory request was completed. (0x12B)
[0603/110401.078:WARNING:pe_image_reader.cc(340)] could not read dos header from C:\Windows\System32\RPCRT4.dll
[0603/110401.078:ERROR:process_memory_win.cc(73)] ReadMemory at 0x7ffd05be0000 of 64 bytes failed: Only part of a ReadProcessMemory or WriteProcessMemory request was completed. (0x12B)
[0603/110401.078:WARNING:pe_image_reader.cc(340)] could not read dos header from D:\Program Files (x86)\Google\Chrome\Application\85.0.4183.102\chrome.dll
[0603/110401.078:ERROR:process_memory_win.cc(73)] ReadMemory at 0x7ffd40d10000 of 64 bytes failed: Only part of a ReadProcessMemory or WriteProcessMemory request was completed. (0x12B)
[0603/110401.078:WARNING:pe_image_reader.cc(340)] could not read dos header from C:\Windows\System32\WS2_32.dll
[0603/110401.078:ERROR:process_memory_win.cc(73)] ReadMemory at 0x7ffd40730000 of 64 bytes failed: Only part of a ReadProcessMemory or WriteProcessMemory request was completed. (0x12B)
[0603/110401.078:WARNING:pe_image_reader.cc(340)] could not read dos header from C:\Windows\System32\OLEAUT32.dll
[0603/110401.078:ERROR:process_memory_win.cc(73)] ReadMemory at 0x7ffd402d0000 of 64 bytes failed: Only part of a ReadProcessMemory or WriteProcessMemory request was completed. (0x12B)
[0603/110401.078:WARNING:pe_image_reader.cc(340)] could not read dos header from C:\Windows\System32\msvcp_win.dll
[0603/110401.078:ERROR:process_memory_win.cc(73)] ReadMemory at 0x7ffd401d0000 of 64 bytes failed: Only part of a ReadProcessMemory or WriteProcessMemory request was completed. (0x12B)
[0603/110401.078:WARNING:pe_image_reader.cc(340)] could not read dos header from C:\Windows\System32\ucrtbase.dll
[0603/110401.078:ERROR:process_memory_win.cc(73)] ReadMemory at 0x7ffd41fd0000 of 64 bytes failed: Only part of a ReadProcessMemory or WriteProcessMemory request was completed. (0x12B)
[0603/110401.078:WARNING:pe_image_reader.cc(340)] could not read dos header from C:\Windows\System32\combase.dll
[0603/110401.079:ERROR:process_memory_win.cc(73)] ReadMemory at 0x7ffd40170000 of 64 bytes failed: Only part of a ReadProcessMemory or WriteProcessMemory request was completed. (0x12B)
[0603/110401.079:WARNING:pe_image_reader.cc(340)] could not read dos header from C:\Windows\System32\WINTRUST.dll
[0603/110401.079:ERROR:process_memory_win.cc(73)] ReadMemory at 0x7ffd3ffe0000 of 64 bytes failed: Only part of a ReadProcessMemory or WriteProcessMemory request was completed. (0x12B)
[0603/110401.079:WARNING:pe_image_reader.cc(340)] could not read dos header from C:\Windows\System32\CRYPT32.dll
[0603/110401.079:ERROR:process_memory_win.cc(73)] ReadMemory at 0x7ffd3f110000 of 64 bytes failed: Only part of a ReadProcessMemory or WriteProcessMemory request was completed. (0x12B)
[0603/110401.079:WARNING:pe_image_reader.cc(340)] could not read dos header from C:\Windows\SYSTEM32\IPHLPAPI.DLL
[0603/110401.079:ERROR:process_memory_win.cc(73)] ReadMemory at 0x7ffd2b290000 of 64 bytes failed: Only part of a ReadProcessMemory or WriteProcessMemory request was completed. (0x12B)
[0603/110401.079:WARNING:pe_image_reader.cc(340)] could not read dos header from C:\Windows\SYSTEM32\WINMM.dll
[0603/110401.079:ERROR:process_memory_win.cc(73)] ReadMemory at 0x7ffd17f50000 of 64 bytes failed: Only part of a ReadProcessMemory or WriteProcessMemory request was completed. (0x12B)
[0603/110401.079:WARNING:pe_image_reader.cc(340)] could not read dos header from C:\Windows\SYSTEM32\UIAutomationCore.DLL
[0603/110401.079:ERROR:process_memory_win.cc(73)] ReadMemory at 0x7ffd3b4d0000 of 64 bytes failed: Only part of a ReadProcessMemory or WriteProcessMemory request was completed. (0x12B)
[0603/110401.079:WARNING:pe_image_reader.cc(340)] could not read dos header from C:\Windows\SYSTEM32\Secur32.dll
[0603/110401.079:ERROR:process_memory_win.cc(73)] ReadMemory at 0x7ffd3fb90000 of 64 bytes failed: Only part of a ReadProcessMemory or WriteProcessMemory request was completed. (0x12B)
[0603/110401.079:WARNING:pe_image_reader.cc(340)] could not read dos header from C:\Windows\SYSTEM32\USERENV.dll
[0603/110401.079:ERROR:process_memory_win.cc(73)] ReadMemory at 0x7ffd2dfd0000 of 64 bytes failed: Only part of a ReadProcessMemory or WriteProcessMemory request was completed. (0x12B)
[0603/110401.079:WARNING:pe_image_reader.cc(340)] could not read dos header from C:\Windows\SYSTEM32\DWrite.dll
[0603/110401.079:ERROR:process_memory_win.cc(73)] ReadMemory at 0x7ffd3b440000 of 64 bytes failed: Only part of a ReadProcessMemory or WriteProcessMemory request was completed. (0x12B)
[0603/110401.079:WARNING:pe_image_reader.cc(340)] could not read dos header from C:\Windows\SYSTEM32\WINSPOOL.DRV
[0603/110401.079:ERROR:process_memory_win.cc(73)] ReadMemory at 0x7ffd393a0000 of 64 bytes failed: Only part of a ReadProcessMemory or WriteProcessMemory request was completed. (0x12B)
[0603/110401.079:WARNING:pe_image_reader.cc(340)] could not read dos header from C:\Windows\SYSTEM32\dbghelp.dll
[0603/110401.079:ERROR:process_memory_win.cc(73)] ReadMemory at 0x7ffd3b620000 of 64 bytes failed: Only part of a ReadProcessMemory or WriteProcessMemory request was completed. (0x12B)
[0603/110401.079:WARNING:pe_image_reader.cc(340)] could not read dos header from C:\Windows\SYSTEM32\WINHTTP.dll
[0603/110401.079:ERROR:process_memory_win.cc(73)] ReadMemory at 0x7ffd3a910000 of 64 bytes failed: Only part of a ReadProcessMemory or WriteProcessMemory request was completed. (0x12B)
[0603/110401.079:WARNING:pe_image_reader.cc(340)] could not read dos header from C:\Windows\SYSTEM32\dhcpcsvc.DLL
[0603/110401.079:ERROR:process_memory_win.cc(73)] ReadMemory at 0x7ffd3a5f0000 of 64 bytes failed: Only part of a ReadProcessMemory or WriteProcessMemory request was completed. (0x12B)
[0603/110401.079:WARNING:pe_image_reader.cc(340)] could not read dos header from C:\Windows\SYSTEM32\PROPSYS.dll
[0603/110401.079:ERROR:process_memory_win.cc(73)] ReadMemory at 0x7ffd3fb50000 of 64 bytes failed: Only part of a ReadProcessMemory or WriteProcessMemory request was completed. (0x12B)
[0603/110401.079:WARNING:pe_image_reader.cc(340)] could not read dos header from C:\Windows\SYSTEM32\SSPICLI.DLL
[0603/110401.079:ERROR:process_memory_win.cc(73)] ReadMemory at 0x7ffd3f880000 of 64 bytes failed: Only part of a ReadProcessMemory or WriteProcessMemory request was completed. (0x12B)
[0603/110401.079:WARNING:pe_image_reader.cc(340)] could not read dos header from C:\Windows\System32\MSASN1.dll
[0603/110401.079:ERROR:process_memory_win.cc(73)] ReadMemory at 0x7ffd3fc90000 of 64 bytes failed: Only part of a ReadProcessMemory or WriteProcessMemory request was completed. (0x12B)
[0603/110401.079:WARNING:pe_image_reader.cc(340)] could not read dos header from C:\Windows\System32\bcryptPrimitives.dll
[0603/110401.079:ERROR:process_memory_win.cc(73)] ReadMemory at 0x7ffd3f640000 of 64 bytes failed: Only part of a ReadProcessMemory or WriteProcessMemory request was completed. (0x12B)
[0603/110401.079:WARNING:pe_image_reader.cc(340)] could not read dos header from C:\Windows\SYSTEM32\CRYPTBASE.DLL
[0603/110401.084:ERROR:process_memory_win.cc(73)] ReadMemory at 0x7ff7ecbe0000 of 64 bytes failed: Only part of a ReadProcessMemory or WriteProcessMemory request was completed. (0x12B)
[0603/110401.084:WARNING:pe_image_reader.cc(340)] could not read dos header from D:\Program Files (x86)\Google\Chrome\Application\chrome.exe
[0603/110401.084:ERROR:process_memory_win.cc(73)] ReadMemory at 0x7ffd42550000 of 64 bytes failed: Only part of a ReadProcessMemory or WriteProcessMemory request was completed. (0x12B)
[0603/110401.084:WARNING:pe_image_reader.cc(340)] could not read dos header from C:\Windows\SYSTEM32\ntdll.dll
[0603/110401.084:ERROR:process_memory_win.cc(73)] ReadMemory at 0x7ffd40820000 of 64 bytes failed: Only part of a ReadProcessMemory or WriteProcessMemory request was completed. (0x12B)
[0603/110401.084:WARNING:pe_image_reader.cc(340)] could not read dos header from C:\Windows\System32\KERNEL32.DLL
[0603/110401.084:ERROR:process_memory_win.cc(73)] ReadMemory at 0x7ffd3fd10000 of 64 bytes failed: Only part of a ReadProcessMemory or WriteProcessMemory request was completed. (0x12B)
[0603/110401.085:WARNING:pe_image_reader.cc(340)] could not read dos header from C:\Windows\System32\KERNELBASE.dll
[0603/110401.085:ERROR:process_memory_win.cc(73)] ReadMemory at 0x7ffd187a0000 of 64 bytes failed: Only part of a ReadProcessMemory or WriteProcessMemory request was completed. (0x12B)
[0603/110401.085:WARNING:pe_image_reader.cc(340)] could not read dos header from D:\Program Files (x86)\Google\Chrome\Application\85.0.4183.102\chrome_elf.dll
[0603/110401.085:ERROR:process_memory_win.cc(73)] ReadMemory at 0x7ffd3a1b0000 of 64 bytes failed: Only part of a ReadProcessMemory or WriteProcessMemory request was completed. (0x12B)
[0603/110401.085:WARNING:pe_image_reader.cc(340)] could not read dos header from C:\Windows\SYSTEM32\VERSION.dll
[0603/110401.085:ERROR:process_memory_win.cc(73)] ReadMemory at 0x7ffd40e10000 of 64 bytes failed: Only part of a ReadProcessMemory or WriteProcessMemory request was completed. (0x12B)
[0603/110401.085:WARNING:pe_image_reader.cc(340)] could not read dos header from C:\Windows\System32\msvcrt.dll
[0603/110401.085:ERROR:process_memory_win.cc(73)] ReadMemory at 0x7ffd41980000 of 64 bytes failed: Only part of a ReadProcessMemory or WriteProcessMemory request was completed. (0x12B)
[0603/110401.085:WARNING:pe_image_reader.cc(340)] could not read dos header from C:\Windows\System32\ADVAPI32.dll
[0603/110401.085:ERROR:process_memory_win.cc(73)] ReadMemory at 0x7ffd41f30000 of 64 bytes failed: Only part of a ReadProcessMemory or WriteProcessMemory request was completed. (0x12B)
[0603/110401.085:WARNING:pe_image_reader.cc(340)] could not read dos header from C:\Windows\System32\sechost.dll
[0603/110401.085:ERROR:process_memory_win.cc(73)] ReadMemory at 0x7ffd423e0000 of 64 bytes failed: Only part of a ReadProcessMemory or WriteProcessMemory request was completed. (0x12B)
[0603/110401.085:WARNING:pe_image_reader.cc(340)] could not read dos header from C:\Windows\System32\RPCRT4.dll
[0603/110401.085:ERROR:process_memory_win.cc(73)] ReadMemory at 0x7ffd05be0000 of 64 bytes failed: Only part of a ReadProcessMemory or WriteProcessMemory request was completed. (0x12B)
[0603/110401.085:WARNING:pe_image_reader.cc(340)] could not read dos header from D:\Program Files (x86)\Google\Chrome\Application\85.0.4183.102\chrome.dll
[0603/110401.085:ERROR:process_memory_win.cc(73)] ReadMemory at 0x7ffd40d10000 of 64 bytes failed: Only part of a ReadProcessMemory or WriteProcessMemory request was completed. (0x12B)
[0603/110401.085:WARNING:pe_image_reader.cc(340)] could not read dos header from C:\Windows\System32\WS2_32.dll
[0603/110401.085:ERROR:process_memory_win.cc(73)] ReadMemory at 0x7ffd40730000 of 64 bytes failed: Only part of a ReadProcessMemory or WriteProcessMemory request was completed. (0x12B)
[0603/110401.085:WARNING:pe_image_reader.cc(340)] could not read dos header from C:\Windows\System32\OLEAUT32.dll
[0603/110401.085:ERROR:process_memory_win.cc(73)] ReadMemory at 0x7ffd402d0000 of 64 bytes failed: Only part of a ReadProcessMemory or WriteProcessMemory request was completed. (0x12B)
[0603/110401.085:WARNING:pe_image_reader.cc(340)] could not read dos header from C:\Windows\System32\msvcp_win.dll
[0603/110401.085:ERROR:process_memory_win.cc(73)] ReadMemory at 0x7ffd401d0000 of 64 bytes failed: Only part of a ReadProcessMemory or WriteProcessMemory request was completed. (0x12B)
[0603/110401.085:WARNING:pe_image_reader.cc(340)] could not read dos header from C:\Windows\System32\ucrtbase.dll
[0603/110401.085:ERROR:process_memory_win.cc(73)] ReadMemory at 0x7ffd41fd0000 of 64 bytes failed: Only part of a ReadProcessMemory or WriteProcessMemory request was completed. (0x12B)
[0603/110401.085:WARNING:pe_image_reader.cc(340)] could not read dos header from C:\Windows\System32\combase.dll
[0603/110401.085:ERROR:process_memory_win.cc(73)] ReadMemory at 0x7ffd40170000 of 64 bytes failed: Only part of a ReadProcessMemory or WriteProcessMemory request was completed. (0x12B)
[0603/110401.085:WARNING:pe_image_reader.cc(340)] could not read dos header from C:\Windows\System32\WINTRUST.dll
[0603/110401.085:ERROR:process_memory_win.cc(73)] ReadMemory at 0x7ffd3ffe0000 of 64 bytes failed: Only part of a ReadProcessMemory or WriteProcessMemory request was completed. (0x12B)
[0603/110401.085:WARNING:pe_image_reader.cc(340)] could not read dos header from C:\Windows\System32\CRYPT32.dll
[0603/110401.085:ERROR:process_memory_win.cc(73)] ReadMemory at 0x7ffd3f110000 of 64 bytes failed: Only part of a ReadProcessMemory or WriteProcessMemory request was completed. (0x12B)
[0603/110401.085:WARNING:pe_image_reader.cc(340)] could not read dos header from C:\Windows\SYSTEM32\IPHLPAPI.DLL
[0603/110401.085:ERROR:process_memory_win.cc(73)] ReadMemory at 0x7ffd2b290000 of 64 bytes failed: Only part of a ReadProcessMemory or WriteProcessMemory request was completed. (0x12B)
[0603/110401.085:WARNING:pe_image_reader.cc(340)] could not read dos header from C:\Windows\SYSTEM32\WINMM.dll
[0603/110401.085:ERROR:process_memory_win.cc(73)] ReadMemory at 0x7ffd17f50000 of 64 bytes failed: Only part of a ReadProcessMemory or WriteProcessMemory request was completed. (0x12B)
[0603/110401.085:WARNING:pe_image_reader.cc(340)] could not read dos header from C:\Windows\SYSTEM32\UIAutomationCore.DLL
[0603/110401.085:ERROR:process_memory_win.cc(73)] ReadMemory at 0x7ffd3b4d0000 of 64 bytes failed: Only part of a ReadProcessMemory or WriteProcessMemory request was completed. (0x12B)
[0603/110401.085:WARNING:pe_image_reader.cc(340)] could not read dos header from C:\Windows\SYSTEM32\Secur32.dll
[0603/110401.085:ERROR:process_memory_win.cc(73)] ReadMemory at 0x7ffd3fb90000 of 64 bytes failed: Only part of a ReadProcessMemory or WriteProcessMemory request was completed. (0x12B)
[0603/110401.085:WARNING:pe_image_reader.cc(340)] could not read dos header from C:\Windows\SYSTEM32\USERENV.dll
[0603/110401.085:ERROR:process_memory_win.cc(73)] ReadMemory at 0x7ffd2dfd0000 of 64 bytes failed: Only part of a ReadProcessMemory or WriteProcessMemory request was completed. (0x12B)
[0603/110401.085:WARNING:pe_image_reader.cc(340)] could not read dos header from C:\Windows\SYSTEM32\DWrite.dll
[0603/110401.086:ERROR:process_memory_win.cc(73)] ReadMemory at 0x7ffd3b440000 of 64 bytes failed: Only part of a ReadProcessMemory or WriteProcessMemory request was completed. (0x12B)
[0603/110401.086:WARNING:pe_image_reader.cc(340)] could not read dos header from C:\Windows\SYSTEM32\WINSPOOL.DRV
[0603/110401.086:ERROR:process_memory_win.cc(73)] ReadMemory at 0x7ffd393a0000 of 64 bytes failed: Only part of a ReadProcessMemory or WriteProcessMemory request was completed. (0x12B)
[0603/110401.086:WARNING:pe_image_reader.cc(340)] could not read dos header from C:\Windows\SYSTEM32\dbghelp.dll
[0603/110401.086:ERROR:process_memory_win.cc(73)] ReadMemory at 0x7ffd3b620000 of 64 bytes failed: Only part of a ReadProcessMemory or WriteProcessMemory request was completed. (0x12B)
[0603/110401.086:WARNING:pe_image_reader.cc(340)] could not read dos header from C:\Windows\SYSTEM32\WINHTTP.dll
[0603/110401.086:ERROR:process_memory_win.cc(73)] ReadMemory at 0x7ffd3a910000 of 64 bytes failed: Only part of a ReadProcessMemory or WriteProcessMemory request was completed. (0x12B)
[0603/110401.086:WARNING:pe_image_reader.cc(340)] could not read dos header from C:\Windows\SYSTEM32\dhcpcsvc.DLL
[0603/110401.086:ERROR:process_memory_win.cc(73)] ReadMemory at 0x7ffd3a5f0000 of 64 bytes failed: Only part of a ReadProcessMemory or WriteProcessMemory request was completed. (0x12B)
[0603/110401.086:WARNING:pe_image_reader.cc(340)] could not read dos header from C:\Windows\SYSTEM32\PROPSYS.dll
[0603/110401.086:ERROR:process_memory_win.cc(73)] ReadMemory at 0x7ffd3fb50000 of 64 bytes failed: Only part of a ReadProcessMemory or WriteProcessMemory request was completed. (0x12B)
[0603/110401.086:WARNING:pe_image_reader.cc(340)] could not read dos header from C:\Windows\SYSTEM32\SSPICLI.DLL
[0603/110401.086:ERROR:process_memory_win.cc(73)] ReadMemory at 0x7ffd3f880000 of 64 bytes failed: Only part of a ReadProcessMemory or WriteProcessMemory request was completed. (0x12B)
[0603/110401.086:WARNING:pe_image_reader.cc(340)] could not read dos header from C:\Windows\System32\MSASN1.dll
[0603/110401.086:ERROR:process_memory_win.cc(73)] ReadMemory at 0x7ffd3fc90000 of 64 bytes failed: Only part of a ReadProcessMemory or WriteProcessMemory request was completed. (0x12B)
[0603/110401.086:WARNING:pe_image_reader.cc(340)] could not read dos header from C:\Windows\System32\bcryptPrimitives.dll
[0603/110401.086:ERROR:process_memory_win.cc(73)] ReadMemory at 0x7ffd3f640000 of 64 bytes failed: Only part of a ReadProcessMemory or WriteProcessMemory request was completed. (0x12B)
[0603/110401.086:WARNING:pe_image_reader.cc(340)] could not read dos header from C:\Windows\SYSTEM32\CRYPTBASE.DLL
[0603/110401.086:ERROR:process_memory_win.cc(73)] ReadMemory at 0x7ff7ecbe0000 of 64 bytes failed: Only part of a ReadProcessMemory or WriteProcessMemory request was completed. (0x12B)
[0603/110401.086:WARNING:pe_image_reader.cc(340)] could not read dos header from D:\Program Files (x86)\Google\Chrome\Application\chrome.exe
[0603/110401.086:ERROR:process_memory_win.cc(73)] ReadMemory at 0x7ffd42550000 of 64 bytes failed: Only part of a ReadProcessMemory or WriteProcessMemory request was completed. (0x12B)
[0603/110401.086:WARNING:pe_image_reader.cc(340)] could not read dos header from C:\Windows\SYSTEM32\ntdll.dll
[0603/110401.086:ERROR:process_memory_win.cc(73)] ReadMemory at 0x7ffd40820000 of 64 bytes failed: Only part of a ReadProcessMemory or WriteProcessMemory request was completed. (0x12B)
[0603/110401.086:WARNING:pe_image_reader.cc(340)] could not read dos header from C:\Windows\System32\KERNEL32.DLL
[0603/110401.086:ERROR:process_memory_win.cc(73)] ReadMemory at 0x7ffd3fd10000 of 64 bytes failed: Only part of a ReadProcessMemory or WriteProcessMemory request was completed. (0x12B)
[0603/110401.086:WARNING:pe_image_reader.cc(340)] could not read dos header from C:\Windows\System32\KERNELBASE.dll
[0603/110401.086:ERROR:process_memory_win.cc(73)] ReadMemory at 0x7ffd187a0000 of 64 bytes failed: Only part of a ReadProcessMemory or WriteProcessMemory request was completed. (0x12B)
[0603/110401.086:WARNING:pe_image_reader.cc(340)] could not read dos header from D:\Program Files (x86)\Google\Chrome\Application\85.0.4183.102\chrome_elf.dll
[0603/110401.086:ERROR:process_memory_win.cc(73)] ReadMemory at 0x7ffd3a1b0000 of 64 bytes failed: Only part of a ReadProcessMemory or WriteProcessMemory request was completed. (0x12B)
[0603/110401.086:WARNING:pe_image_reader.cc(340)] could not read dos header from C:\Windows\SYSTEM32\VERSION.dll
[0603/110401.086:ERROR:process_memory_win.cc(73)] ReadMemory at 0x7ffd40e10000 of 64 bytes failed: Only part of a ReadProcessMemory or WriteProcessMemory request was completed. (0x12B)
[0603/110401.086:WARNING:pe_image_reader.cc(340)] could not read dos header from C:\Windows\System32\msvcrt.dll
[0603/110401.086:ERROR:process_memory_win.cc(73)] ReadMemory at 0x7ffd41980000 of 64 bytes failed: Only part of a ReadProcessMemory or WriteProcessMemory request was completed. (0x12B)
[0603/110401.086:WARNING:pe_image_reader.cc(340)] could not read dos header from C:\Windows\System32\ADVAPI32.dll
[0603/110401.086:ERROR:process_memory_win.cc(73)] ReadMemory at 0x7ffd41f30000 of 64 bytes failed: Only part of a ReadProcessMemory or WriteProcessMemory request was completed. (0x12B)
[0603/110401.086:WARNING:pe_image_reader.cc(340)] could not read dos header from C:\Windows\System32\sechost.dll
[0603/110401.086:ERROR:process_memory_win.cc(73)] ReadMemory at 0x7ffd423e0000 of 64 bytes failed: Only part of a ReadProcessMemory or WriteProcessMemory request was completed. (0x12B)
[0603/110401.086:WARNING:pe_image_reader.cc(340)] could not read dos header from C:\Windows\System32\RPCRT4.dll
[0603/110401.086:ERROR:process_memory_win.cc(73)] ReadMemory at 0x7ffd05be0000 of 64 bytes failed: Only part of a ReadProcessMemory or WriteProcessMemory request was completed. (0x12B)
[0603/110401.086:WARNING:pe_image_reader.cc(340)] could not read dos header from D:\Program Files (x86)\Google\Chrome\Application\85.0.4183.102\chrome.dll
[0603/110401.086:ERROR:process_memory_win.cc(73)] ReadMemory at 0x7ffd40d10000 of 64 bytes failed: Only part of a ReadProcessMemory or WriteProcessMemory request was completed. (0x12B)
[0603/110401.086:WARNING:pe_image_reader.cc(340)] could not read dos header from C:\Windows\System32\WS2_32.dll
[0603/110401.086:ERROR:process_memory_win.cc(73)] ReadMemory at 0x7ffd40730000 of 64 bytes failed: Only part of a ReadProcessMemory or WriteProcessMemory request was completed. (0x12B)
[0603/110401.086:WARNING:pe_image_reader.cc(340)] could not read dos header from C:\Windows\System32\OLEAUT32.dll
[0603/110401.086:ERROR:process_memory_win.cc(73)] ReadMemory at 0x7ffd402d0000 of 64 bytes failed: Only part of a ReadProcessMemory or WriteProcessMemory request was completed. (0x12B)
[0603/110401.086:WARNING:pe_image_reader.cc(340)] could not read dos header from C:\Windows\System32\msvcp_win.dll
[0603/110401.087:ERROR:process_memory_win.cc(73)] ReadMemory at 0x7ffd401d0000 of 64 bytes failed: Only part of a ReadProcessMemory or WriteProcessMemory request was completed. (0x12B)
[0603/110401.087:WARNING:pe_image_reader.cc(340)] could not read dos header from C:\Windows\System32\ucrtbase.dll
[0603/110401.087:ERROR:process_memory_win.cc(73)] ReadMemory at 0x7ffd41fd0000 of 64 bytes failed: Only part of a ReadProcessMemory or WriteProcessMemory request was completed. (0x12B)
[0603/110401.087:WARNING:pe_image_reader.cc(340)] could not read dos header from C:\Windows\System32\combase.dll
[0603/110401.087:ERROR:process_memory_win.cc(73)] ReadMemory at 0x7ffd40170000 of 64 bytes failed: Only part of a ReadProcessMemory or WriteProcessMemory request was completed. (0x12B)
[0603/110401.087:WARNING:pe_image_reader.cc(340)] could not read dos header from C:\Windows\System32\WINTRUST.dll
[0603/110401.087:ERROR:process_memory_win.cc(73)] ReadMemory at 0x7ffd3ffe0000 of 64 bytes failed: Only part of a ReadProcessMemory or WriteProcessMemory request was completed. (0x12B)
[0603/110401.087:WARNING:pe_image_reader.cc(340)] could not read dos header from C:\Windows\System32\CRYPT32.dll
[0603/110401.087:ERROR:process_memory_win.cc(73)] ReadMemory at 0x7ffd3f110000 of 64 bytes failed: Only part of a ReadProcessMemory or WriteProcessMemory request was completed. (0x12B)
[0603/110401.087:WARNING:pe_image_reader.cc(340)] could not read dos header from C:\Windows\SYSTEM32\IPHLPAPI.DLL
[0603/110401.087:ERROR:process_memory_win.cc(73)] ReadMemory at 0x7ffd2b290000 of 64 bytes failed: Only part of a ReadProcessMemory or WriteProcessMemory request was completed. (0x12B)
[0603/110401.087:WARNING:pe_image_reader.cc(340)] could not read dos header from C:\Windows\SYSTEM32\WINMM.dll
[0603/110401.087:ERROR:process_memory_win.cc(73)] ReadMemory at 0x7ffd17f50000 of 64 bytes failed: Only part of a ReadProcessMemory or WriteProcessMemory request was completed. (0x12B)
[0603/110401.087:WARNING:pe_image_reader.cc(340)] could not read dos header from C:\Windows\SYSTEM32\UIAutomationCore.DLL
[0603/110401.087:ERROR:process_memory_win.cc(73)] ReadMemory at 0x7ffd3b4d0000 of 64 bytes failed: Only part of a ReadProcessMemory or WriteProcessMemory request was completed. (0x12B)
[0603/110401.087:WARNING:pe_image_reader.cc(340)] could not read dos header from C:\Windows\SYSTEM32\Secur32.dll
[0603/110401.087:ERROR:process_memory_win.cc(73)] ReadMemory at 0x7ffd3fb90000 of 64 bytes failed: Only part of a ReadProcessMemory or WriteProcessMemory request was completed. (0x12B)
[0603/110401.087:WARNING:pe_image_reader.cc(340)] could not read dos header from C:\Windows\SYSTEM32\USERENV.dll
[0603/110401.087:ERROR:process_memory_win.cc(73)] ReadMemory at 0x7ffd2dfd0000 of 64 bytes failed: Only part of a ReadProcessMemory or WriteProcessMemory request was completed. (0x12B)
[0603/110401.087:WARNING:pe_image_reader.cc(340)] could not read dos header from C:\Windows\SYSTEM32\DWrite.dll
[0603/110401.087:ERROR:process_memory_win.cc(73)] ReadMemory at 0x7ffd3b440000 of 64 bytes failed: Only part of a ReadProcessMemory or WriteProcessMemory request was completed. (0x12B)
[0603/110401.087:WARNING:pe_image_reader.cc(340)] could not read dos header from C:\Windows\SYSTEM32\WINSPOOL.DRV
[0603/110401.087:ERROR:process_memory_win.cc(73)] ReadMemory at 0x7ffd393a0000 of 64 bytes failed: Only part of a ReadProcessMemory or WriteProcessMemory request was completed. (0x12B)
[0603/110401.087:WARNING:pe_image_reader.cc(340)] could not read dos header from C:\Windows\SYSTEM32\dbghelp.dll
[0603/110401.087:ERROR:process_memory_win.cc(73)] ReadMemory at 0x7ffd3b620000 of 64 bytes failed: Only part of a ReadProcessMemory or WriteProcessMemory request was completed. (0x12B)
[0603/110401.087:WARNING:pe_image_reader.cc(340)] could not read dos header from C:\Windows\SYSTEM32\WINHTTP.dll
[0603/110401.087:ERROR:process_memory_win.cc(73)] ReadMemory at 0x7ffd3a910000 of 64 bytes failed: Only part of a ReadProcessMemory or WriteProcessMemory request was completed. (0x12B)
[0603/110401.087:WARNING:pe_image_reader.cc(340)] could not read dos header from C:\Windows\SYSTEM32\dhcpcsvc.DLL
[0603/110401.087:ERROR:process_memory_win.cc(73)] ReadMemory at 0x7ffd3a5f0000 of 64 bytes failed: Only part of a ReadProcessMemory or WriteProcessMemory request was completed. (0x12B)
[0603/110401.087:WARNING:pe_image_reader.cc(340)] could not read dos header from C:\Windows\SYSTEM32\PROPSYS.dll
[0603/110401.087:ERROR:process_memory_win.cc(73)] ReadMemory at 0x7ffd3fb50000 of 64 bytes failed: Only part of a ReadProcessMemory or WriteProcessMemory request was completed. (0x12B)
[0603/110401.087:WARNING:pe_image_reader.cc(340)] could not read dos header from C:\Windows\SYSTEM32\SSPICLI.DLL
[0603/110401.087:ERROR:process_memory_win.cc(73)] ReadMemory at 0x7ffd3f880000 of 64 bytes failed: Only part of a ReadProcessMemory or WriteProcessMemory request was completed. (0x12B)
[0603/110401.087:WARNING:pe_image_reader.cc(340)] could not read dos header from C:\Windows\System32\MSASN1.dll
[0603/110401.087:ERROR:process_memory_win.cc(73)] ReadMemory at 0x7ffd3fc90000 of 64 bytes failed: Only part of a ReadProcessMemory or WriteProcessMemory request was completed. (0x12B)
[0603/110401.087:WARNING:pe_image_reader.cc(340)] could not read dos header from C:\Windows\System32\bcryptPrimitives.dll
[0603/110401.087:ERROR:process_memory_win.cc(73)] ReadMemory at 0x7ffd3f640000 of 64 bytes failed: Only part of a ReadProcessMemory or WriteProcessMemory request was completed. (0x12B)
[0603/110401.087:WARNING:pe_image_reader.cc(340)] could not read dos header from C:\Windows\SYSTEM32\CRYPTBASE.DLL
[0603/110401.094:ERROR:process_memory_win.cc(73)] ReadMemory at 0x38a5de3000 of 118784 bytes failed: Only part of a ReadProcessMemory or WriteProcessMemory request was completed. (0x12B)
[0603/110401.094:ERROR:process_memory_win.cc(73)] ReadMemory at 0x38a65fd000 of 12288 bytes failed: Only part of a ReadProcessMemory or WriteProcessMemory request was completed. (0x12B)
[0603/110401.094:ERROR:process_memory_win.cc(73)] ReadMemory at 0x38a6dfc000 of 16384 bytes failed: Only part of a ReadProcessMemory or WriteProcessMemory request was completed. (0x12B)
[0603/110401.095:ERROR:process_memory_win.cc(73)] ReadMemory at 0x38a75fc000 of 16384 bytes failed: Only part of a ReadProcessMemory or WriteProcessMemory request was completed. (0x12B)
[0603/110401.095:ERROR:process_memory_win.cc(73)] ReadMemory at 0x38a7dfb000 of 20480 bytes failed: Only part of a ReadProcessMemory or WriteProcessMemory request was completed. (0x12B)
[0603/110401.095:ERROR:process_memory_win.cc(73)] ReadMemory at 0x38a85fe000 of 8192 bytes failed: Only part of a ReadProcessMemory or WriteProcessMemory request was completed. (0x12B)
[0603/110401.095:ERROR:process_memory_win.cc(73)] ReadMemory at 0x38a8dfd000 of 12288 bytes failed: Only part of a ReadProcessMemory or WriteProcessMemory request was completed. (0x12B)
[0603/110401.095:ERROR:process_memory_win.cc(73)] ReadMemory at 0x38a95fc000 of 16384 bytes failed: Only part of a ReadProcessMemory or WriteProcessMemory request was completed. (0x12B)
[0603/110401.095:ERROR:process_memory_win.cc(73)] ReadMemory at 0x38a9dfd000 of 12288 bytes failed: Only part of a ReadProcessMemory or WriteProcessMemory request was completed. (0x12B)
[0603/110401.095:ERROR:process_memory_win.cc(73)] ReadMemory at 0x38aa5f6000 of 40960 bytes failed: Only part of a ReadProcessMemory or WriteProcessMemory request was completed. (0x12B)
[0603/110401.095:ERROR:process_memory_win.cc(73)] ReadMemory at 0x38aadf6000 of 40960 bytes failed: Only part of a ReadProcessMemory or WriteProcessMemory request was completed. (0x12B)
[0603/110401.095:ERROR:process_memory_win.cc(73)] ReadMemory at 0x38ab5fd000 of 12288 bytes failed: Only part of a ReadProcessMemory or WriteProcessMemory request was completed. (0x12B)
[0603/110401.095:ERROR:process_memory_win.cc(73)] ReadMemory at 0x38abdfd000 of 12288 bytes failed: Only part of a ReadProcessMemory or WriteProcessMemory request was completed. (0x12B)
[0603/110401.095:ERROR:process_memory_win.cc(73)] ReadMemory at 0x38ac5fd000 of 12288 bytes failed: Only part of a ReadProcessMemory or WriteProcessMemory request was completed. (0x12B)
[0603/110401.095:ERROR:process_memory_win.cc(73)] ReadMemory at 0x38acdfd000 of 12288 bytes failed: Only part of a ReadProcessMemory or WriteProcessMemory request was completed. (0x12B)
[0603/110401.095:ERROR:process_memory_win.cc(73)] ReadMemory at 0x38a5478000 of 852 bytes failed: Only part of a ReadProcessMemory or WriteProcessMemory request was completed. (0x12B)
[0603/110401.095:ERROR:process_memory_win.cc(73)] ReadMemory at 0x38a5479000 of 6024 bytes failed: Only part of a ReadProcessMemory or WriteProcessMemory request was completed. (0x12B)
[0603/110401.095:ERROR:process_memory_win.cc(73)] ReadMemory at 0x38a547b000 of 6024 bytes failed: Only part of a ReadProcessMemory or WriteProcessMemory request was completed. (0x12B)
[0603/110401.096:ERROR:process_memory_win.cc(73)] ReadMemory at 0x38a547d000 of 6024 bytes failed: Only part of a ReadProcessMemory or WriteProcessMemory request was completed. (0x12B)
[0603/110401.096:ERROR:process_memory_win.cc(73)] ReadMemory at 0x38a547f000 of 6024 bytes failed: Only part of a ReadProcessMemory or WriteProcessMemory request was completed. (0x12B)
[0603/110401.096:ERROR:process_memory_win.cc(73)] ReadMemory at 0x38a5481000 of 6024 bytes failed: Only part of a ReadProcessMemory or WriteProcessMemory request was completed. (0x12B)
[0603/110401.096:ERROR:process_memory_win.cc(73)] ReadMemory at 0x38a5483000 of 6024 bytes failed: Only part of a ReadProcessMemory or WriteProcessMemory request was completed. (0x12B)
[0603/110401.096:ERROR:process_memory_win.cc(73)] ReadMemory at 0x38a5485000 of 6024 bytes failed: Only part of a ReadProcessMemory or WriteProcessMemory request was completed. (0x12B)
[0603/110401.096:ERROR:process_memory_win.cc(73)] ReadMemory at 0x38a5487000 of 6024 bytes failed: Only part of a ReadProcessMemory or WriteProcessMemory request was completed. (0x12B)
[0603/110401.096:ERROR:process_memory_win.cc(73)] ReadMemory at 0x38a5489000 of 6024 bytes failed: Only part of a ReadProcessMemory or WriteProcessMemory request was completed. (0x12B)
[0603/110401.096:ERROR:process_memory_win.cc(73)] ReadMemory at 0x38a548b000 of 6024 bytes failed: Only part of a ReadProcessMemory or WriteProcessMemory request was completed. (0x12B)
[0603/110401.096:ERROR:process_memory_win.cc(73)] ReadMemory at 0x38a548d000 of 6024 bytes failed: Only part of a ReadProcessMemory or WriteProcessMemory request was completed. (0x12B)
[0603/110401.096:ERROR:process_memory_win.cc(73)] ReadMemory at 0x38a548f000 of 6024 bytes failed: Only part of a ReadProcessMemory or WriteProcessMemory request was completed. (0x12B)
[0603/110401.096:ERROR:process_memory_win.cc(73)] ReadMemory at 0x38a5491000 of 6024 bytes failed: Only part of a ReadProcessMemory or WriteProcessMemory request was completed. (0x12B)
[0603/110401.096:ERROR:process_memory_win.cc(73)] ReadMemory at 0x38a5493000 of 6024 bytes failed: Only part of a ReadProcessMemory or WriteProcessMemory request was completed. (0x12B)
[0603/110401.097:ERROR:process_memory_win.cc(73)] ReadMemory at 0x38a5495000 of 6024 bytes failed: Only part of a ReadProcessMemory or WriteProcessMemory request was completed. (0x12B)
[0603/110401.097:ERROR:process_memory_win.cc(73)] ReadMemory at 0x1b8bb750fe0 of 6076 bytes failed: Only part of a ReadProcessMemory or WriteProcessMemory request was completed. (0x12B)
[0603/110401.097:ERROR:process_memory_win.cc(73)] ReadMemory at 0x1b8bb7527b0 of 1012 bytes failed: Only part of a ReadProcessMemory or WriteProcessMemory request was completed. (0x12B)
[0603/110401.097:ERROR:process_memory_win.cc(73)] ReadMemory at 0x1b8bb752df8 of 118 bytes failed: Only part of a ReadProcessMemory or WriteProcessMemory request was completed. (0x12B)
[0603/110401.097:ERROR:process_memory_win.cc(73)] ReadMemory at 0x1b8bb752e70 of 1258 bytes failed: Only part of a ReadProcessMemory or WriteProcessMemory request was completed. (0x12B)
[0603/110401.097:ERROR:process_memory_win.cc(73)] ReadMemory at 0x1b8bb75335c of 118 bytes failed: Only part of a ReadProcessMemory or WriteProcessMemory request was completed. (0x12B)
[0603/110401.097:ERROR:process_memory_win.cc(73)] ReadMemory at 0x1b8bb7533d4 of 98 bytes failed: Only part of a ReadProcessMemory or WriteProcessMemory request was completed. (0x12B)
[0603/110401.097:ERROR:process_memory_win.cc(73)] ReadMemory at 0x1b8bb753450 of 58 bytes failed: Only part of a ReadProcessMemory or WriteProcessMemory request was completed. (0x12B)
[0603/110401.097:ERROR:process_memory_win.cc(73)] ReadMemory at 0x1b8bb753550 of 132 bytes failed: Only part of a ReadProcessMemory or WriteProcessMemory request was completed. (0x12B)
[0603/110401.097:ERROR:process_memory_win.cc(73)] ReadMemory at 0x1b8bb7536e0 of 132 bytes failed: Only part of a ReadProcessMemory or WriteProcessMemory request was completed. (0x12B)
[0603/110401.097:ERROR:process_memory_win.cc(73)] ReadMemory at 0x1b8bb7538a0 of 126 bytes failed: Only part of a ReadProcessMemory or WriteProcessMemory request was completed. (0x12B)
[0603/110401.097:ERROR:process_memory_win.cc(73)] ReadMemory at 0x1b8bb753c80 of 132 bytes failed: Only part of a ReadProcessMemory or WriteProcessMemory request was completed. (0x12B)
[0603/110401.097:ERROR:process_memory_win.cc(73)] ReadMemory at 0x1b8bb753e10 of 64 bytes failed: Only part of a ReadProcessMemory or WriteProcessMemory request was completed. (0x12B)
[0603/110401.097:ERROR:process_memory_win.cc(73)] ReadMemory at 0x1b8bb754290 of 132 bytes failed: Only part of a ReadProcessMemory or WriteProcessMemory request was completed. (0x12B)
[0603/110401.097:ERROR:process_memory_win.cc(73)] ReadMemory at 0x1b8bb754420 of 68 bytes failed: Only part of a ReadProcessMemory or WriteProcessMemory request was completed. (0x12B)
[0603/110401.097:ERROR:process_memory_win.cc(73)] ReadMemory at 0x1b8bb755670 of 132 bytes failed: Only part of a ReadProcessMemory or WriteProcessMemory request was completed. (0x12B)
[0603/110401.097:ERROR:process_memory_win.cc(73)] ReadMemory at 0x1b8bb755880 of 132 bytes failed: Only part of a ReadProcessMemory or WriteProcessMemory request was completed. (0x12B)
[0603/110401.098:ERROR:process_memory_win.cc(73)] ReadMemory at 0x1b8bb7559b0 of 154 bytes failed: Only part of a ReadProcessMemory or WriteProcessMemory request was completed. (0x12B)
[0603/110401.098:ERROR:process_memory_win.cc(73)] ReadMemory at 0x1b8bb756800 of 62 bytes failed: Only part of a ReadProcessMemory or WriteProcessMemory request was completed. (0x12B)
[0603/110401.098:ERROR:process_memory_win.cc(73)] ReadMemory at 0x1b8bb7569f0 of 132 bytes failed: Only part of a ReadProcessMemory or WriteProcessMemory request was completed. (0x12B)
[0603/110401.098:ERROR:process_memory_win.cc(73)] ReadMemory at 0x1b8bb756b20 of 60 bytes failed: Only part of a ReadProcessMemory or WriteProcessMemory request was completed. (0x12B)
[0603/110401.098:ERROR:process_memory_win.cc(73)] ReadMemory at 0x1b8bb764fb0 of 146 bytes failed: Only part of a ReadProcessMemory or WriteProcessMemory request was completed. (0x12B)
[0603/110401.098:ERROR:process_memory_win.cc(73)] ReadMemory at 0x1b8bb7650a0 of 132 bytes failed: Only part of a ReadProcessMemory or WriteProcessMemory request was completed. (0x12B)
[0603/110401.098:ERROR:process_memory_win.cc(73)] ReadMemory at 0x1b8bb765770 of 132 bytes failed: Only part of a ReadProcessMemory or WriteProcessMemory request was completed. (0x12B)
[0603/110401.098:ERROR:process_memory_win.cc(73)] ReadMemory at 0x1b8bb7658a0 of 132 bytes failed: Only part of a ReadProcessMemory or WriteProcessMemory request was completed. (0x12B)
[0603/110401.098:ERROR:process_memory_win.cc(73)] ReadMemory at 0x1b8bb7659d0 of 132 bytes failed: Only part of a ReadProcessMemory or WriteProcessMemory request was completed. (0x12B)
[0603/110401.098:ERROR:process_memory_win.cc(73)] ReadMemory at 0x1b8bb765c30 of 132 bytes failed: Only part of a ReadProcessMemory or WriteProcessMemory request was completed. (0x12B)
[0603/110401.098:ERROR:process_memory_win.cc(73)] ReadMemory at 0x1b8bb765e90 of 132 bytes failed: Only part of a ReadProcessMemory or WriteProcessMemory request was completed. (0x12B)
[0603/110401.098:ERROR:process_memory_win.cc(73)] ReadMemory at 0x1b8bb766350 of 132 bytes failed: Only part of a ReadProcessMemory or WriteProcessMemory request was completed. (0x12B)
[0603/110401.098:ERROR:process_memory_win.cc(73)] ReadMemory at 0x1b8bb766940 of 132 bytes failed: Only part of a ReadProcessMemory or WriteProcessMemory request was completed. (0x12B)
[0603/110401.098:ERROR:process_memory_win.cc(73)] ReadMemory at 0x1b8bb766a70 of 132 bytes failed: Only part of a ReadProcessMemory or WriteProcessMemory request was completed. (0x12B)
[0603/110401.098:ERROR:process_memory_win.cc(73)] ReadMemory at 0x1b8bb766ba0 of 132 bytes failed: Only part of a ReadProcessMemory or WriteProcessMemory request was completed. (0x12B)
[0603/110401.099:ERROR:process_memory_win.cc(73)] ReadMemory at 0x1b8bb766e00 of 132 bytes failed: Only part of a ReadProcessMemory or WriteProcessMemory request was completed. (0x12B)
[0603/110401.099:ERROR:process_memory_win.cc(73)] ReadMemory at 0x1b8bb767b00 of 58 bytes failed: Only part of a ReadProcessMemory or WriteProcessMemory request was completed. (0x12B)
[0603/110401.099:ERROR:process_memory_win.cc(73)] ReadMemory at 0x1b8bb767ba0 of 60 bytes failed: Only part of a ReadProcessMemory or WriteProcessMemory request was completed. (0x12B)
[0603/110401.099:ERROR:process_memory_win.cc(73)] ReadMemory at 0x1b8bb767c90 of 64 bytes failed: Only part of a ReadProcessMemory or WriteProcessMemory request was completed. (0x12B)
[0603/110401.099:ERROR:process_memory_win.cc(73)] ReadMemory at 0x1b8bb767d30 of 64 bytes failed: Only part of a ReadProcessMemory or WriteProcessMemory request was completed. (0x12B)
[0603/110401.099:ERROR:process_memory_win.cc(73)] ReadMemory at 0x1b8bb767d80 of 64 bytes failed: Only part of a ReadProcessMemory or WriteProcessMemory request was completed. (0x12B)
[0603/110401.099:ERROR:process_memory_win.cc(73)] ReadMemory at 0x1b8bb767e70 of 62 bytes failed: Only part of a ReadProcessMemory or WriteProcessMemory request was completed. (0x12B)
[0603/110401.099:ERROR:process_memory_win.cc(73)] ReadMemory at 0x1b8bb767ec0 of 64 bytes failed: Only part of a ReadProcessMemory or WriteProcessMemory request was completed. (0x12B)
[0603/110401.099:ERROR:process_memory_win.cc(73)] ReadMemory at 0x1b8bb768050 of 64 bytes failed: Only part of a ReadProcessMemory or WriteProcessMemory request was completed. (0x12B)
[0603/110401.099:ERROR:process_memory_win.cc(73)] ReadMemory at 0x1b8bb7681e0 of 66 bytes failed: Only part of a ReadProcessMemory or WriteProcessMemory request was completed. (0x12B)
[0603/110401.099:ERROR:process_memory_win.cc(73)] ReadMemory at 0x1b8bb768230 of 62 bytes failed: Only part of a ReadProcessMemory or WriteProcessMemory request was completed. (0x12B)
[0603/110401.099:ERROR:process_memory_win.cc(73)] ReadMemory at 0x1b8bb768320 of 62 bytes failed: Only part of a ReadProcessMemory or WriteProcessMemory request was completed. (0x12B)
[0603/110401.099:ERROR:process_memory_win.cc(73)] ReadMemory at 0x1b8bb768460 of 62 bytes failed: Only part of a ReadProcessMemory or WriteProcessMemory request was completed. (0x12B)
[0603/110401.099:ERROR:process_memory_win.cc(73)] ReadMemory at 0x1b8bb768550 of 64 bytes failed: Only part of a ReadProcessMemory or WriteProcessMemory request was completed. (0x12B)
[0603/110401.099:ERROR:process_memory_win.cc(73)] ReadMemory at 0x1b8bb7685f0 of 64 bytes failed: Only part of a ReadProcessMemory or WriteProcessMemory request was completed. (0x12B)
[0603/110401.099:ERROR:process_memory_win.cc(73)] ReadMemory at 0x1b8bb768640 of 62 bytes failed: Only part of a ReadProcessMemory or WriteProcessMemory request was completed. (0x12B)
[0603/110401.099:ERROR:process_memory_win.cc(73)] ReadMemory at 0x1b8bb768730 of 62 bytes failed: Only part of a ReadProcessMemory or WriteProcessMemory request was completed. (0x12B)
[0603/110401.099:ERROR:process_memory_win.cc(73)] ReadMemory at 0x1b8bb7687d0 of 60 bytes failed: Only part of a ReadProcessMemory or WriteProcessMemory request was completed. (0x12B)
[0603/110401.099:ERROR:process_memory_win.cc(73)] ReadMemory at 0x1b8bb768820 of 62 bytes failed: Only part of a ReadProcessMemory or WriteProcessMemory request was completed. (0x12B)
[0603/110401.099:ERROR:process_memory_win.cc(73)] ReadMemory at 0x1b8bb768870 of 60 bytes failed: Only part of a ReadProcessMemory or WriteProcessMemory request was completed. (0x12B)
[0603/110401.099:ERROR:process_memory_win.cc(73)] ReadMemory at 0x1b8bb7688c0 of 62 bytes failed: Only part of a ReadProcessMemory or WriteProcessMemory request was completed. (0x12B)
[0603/110401.099:ERROR:process_memory_win.cc(73)] ReadMemory at 0x1b8bb768960 of 62 bytes failed: Only part of a ReadProcessMemory or WriteProcessMemory request was completed. (0x12B)
[0603/110401.100:ERROR:process_memory_win.cc(73)] ReadMemory at 0x1b8bb76a420 of 132 bytes failed: Only part of a ReadProcessMemory or WriteProcessMemory request was completed. (0x12B)
[0603/110401.100:ERROR:process_memory_win.cc(73)] ReadMemory at 0x1b8bb76a550 of 132 bytes failed: Only part of a ReadProcessMemory or WriteProcessMemory request was completed. (0x12B)
[0603/110401.100:ERROR:process_memory_win.cc(73)] ReadMemory at 0x1b8bb76a680 of 132 bytes failed: Only part of a ReadProcessMemory or WriteProcessMemory request was completed. (0x12B)
[0603/110401.100:ERROR:process_memory_win.cc(73)] ReadMemory at 0x1b8bb76a7b0 of 132 bytes failed: Only part of a ReadProcessMemory or WriteProcessMemory request was completed. (0x12B)
[0603/110401.100:ERROR:process_memory_win.cc(73)] ReadMemory at 0x1b8bb76a8e0 of 132 bytes failed: Only part of a ReadProcessMemory or WriteProcessMemory request was completed. (0x12B)
[0603/110401.100:ERROR:process_memory_win.cc(73)] ReadMemory at 0x1b8bb76aa10 of 132 bytes failed: Only part of a ReadProcessMemory or WriteProcessMemory request was completed. (0x12B)
[0603/110401.100:ERROR:process_memory_win.cc(73)] ReadMemory at 0x1b8bb76acc0 of 132 bytes failed: Only part of a ReadProcessMemory or WriteProcessMemory request was completed. (0x12B)
[0603/110401.100:ERROR:process_memory_win.cc(73)] ReadMemory at 0x1b8bb76b390 of 132 bytes failed: Only part of a ReadProcessMemory or WriteProcessMemory request was completed. (0x12B)
[0603/110401.100:ERROR:process_memory_win.cc(73)] ReadMemory at 0x1b8bb76b4c0 of 132 bytes failed: Only part of a ReadProcessMemory or WriteProcessMemory request was completed. (0x12B)
[0603/110401.100:ERROR:process_memory_win.cc(73)] ReadMemory at 0x1b8bb76de70 of 132 bytes failed: Only part of a ReadProcessMemory or WriteProcessMemory request was completed. (0x12B)
[0603/110401.100:ERROR:process_memory_win.cc(73)] ReadMemory at 0x1b8bb76e190 of 132 bytes failed: Only part of a ReadProcessMemory or WriteProcessMemory request was completed. (0x12B)
[0603/110401.101:ERROR:process_memory_win.cc(73)] ReadMemory at 0x1b8bb771d50 of 132 bytes failed: Only part of a ReadProcessMemory or WriteProcessMemory request was completed. (0x12B)
[0603/110401.101:ERROR:process_memory_win.cc(73)] ReadMemory at 0x1b8bb7720a0 of 132 bytes failed: Only part of a ReadProcessMemory or WriteProcessMemory request was completed. (0x12B)
[0603/110401.101:ERROR:process_memory_win.cc(73)] ReadMemory at 0x1b8bb7722b0 of 132 bytes failed: Only part of a ReadProcessMemory or WriteProcessMemory request was completed. (0x12B)
[0603/110401.101:ERROR:process_memory_win.cc(73)] ReadMemory at 0x1b8bb774530 of 80 bytes failed: Only part of a ReadProcessMemory or WriteProcessMemory request was completed. (0x12B)
[0603/110401.101:ERROR:process_memory_win.cc(73)] ReadMemory at 0x1b8bb774950 of 80 bytes failed: Only part of a ReadProcessMemory or WriteProcessMemory request was completed. (0x12B)
[0603/110401.101:ERROR:process_memory_win.cc(73)] ReadMemory at 0x1b8bb781e70 of 60 bytes failed: Only part of a ReadProcessMemory or WriteProcessMemory request was completed. (0x12B)
[0603/110401.101:ERROR:process_memory_win.cc(73)] ReadMemory at 0x1b8bb7c5390 of 512 bytes failed: Only part of a ReadProcessMemory or WriteProcessMemory request was completed. (0x12B)
[0603/110401.101:ERROR:process_memory_win.cc(73)] ReadMemory at 0x1b8bb7c5e10 of 512 bytes failed: Only part of a ReadProcessMemory or WriteProcessMemory request was completed. (0x12B)
[0603/110401.101:ERROR:process_memory_win.cc(73)] ReadMemory at 0x1b8bb7d0780 of 512 bytes failed: Only part of a ReadProcessMemory or WriteProcessMemory request was completed. (0x12B)
[0603/110401.101:ERROR:process_memory_win.cc(73)] ReadMemory at 0x1b8bb7d1fd0 of 712 bytes failed: Only part of a ReadProcessMemory or WriteProcessMemory request was completed. (0x12B)
[0603/110401.101:ERROR:process_memory_win.cc(73)] ReadMemory at 0x1b8bb7dedb0 of 512 bytes failed: Only part of a ReadProcessMemory or WriteProcessMemory request was completed. (0x12B)
[0603/110401.101:ERROR:process_memory_win.cc(73)] ReadMemory at 0x1b8bb7fbb20 of 512 bytes failed: Only part of a ReadProcessMemory or WriteProcessMemory request was completed. (0x12B)
[0603/110401.101:ERROR:process_memory_win.cc(73)] ReadMemory at 0x1b8bb971780 of 512 bytes failed: Only part of a ReadProcessMemory or WriteProcessMemory request was completed. (0x12B)
[0603/110401.101:ERROR:process_memory_win.cc(73)] ReadMemory at 0x1b8bb972740 of 512 bytes failed: Only part of a ReadProcessMemory or WriteProcessMemory request was completed. (0x12B)
[0603/110401.101:ERROR:process_memory_win.cc(73)] ReadMemory at 0x1b8bd110000 of 384 bytes failed: Only part of a ReadProcessMemory or WriteProcessMemory request was completed. (0x12B)
[0603/110401.101:ERROR:process_memory_win.cc(73)] ReadMemory at 0x1b8bd124f00 of 512 bytes failed: Only part of a ReadProcessMemory or WriteProcessMemory request was completed. (0x12B)
[0603/110401.101:ERROR:process_memory_win.cc(73)] ReadMemory at 0x1b8bd125ca0 of 512 bytes failed: Only part of a ReadProcessMemory or WriteProcessMemory request was completed. (0x12B)
[0603/110401.101:ERROR:process_memory_win.cc(73)] ReadMemory at 0x1b8bd18c000 of 512 bytes failed: Only part of a ReadProcessMemory or WriteProcessMemory request was completed. (0x12B)
[0603/110401.101:ERROR:process_memory_win.cc(73)] ReadMemory at 0x1b8bd1b14a0 of 512 bytes failed: Only part of a ReadProcessMemory or WriteProcessMemory request was completed. (0x12B)
[0603/110401.101:ERROR:process_memory_win.cc(73)] ReadMemory at 0x1b8bd41ff80 of 512 bytes failed: Only part of a ReadProcessMemory or WriteProcessMemory request was completed. (0x12B)
[0603/110401.102:ERROR:process_memory_win.cc(73)] ReadMemory at 0x1b8bd490970 of 512 bytes failed: Only part of a ReadProcessMemory or WriteProcessMemory request was completed. (0x12B)
[0603/110401.102:ERROR:process_memory_win.cc(73)] ReadMemory at 0x1b8bd49f2b0 of 512 bytes failed: Only part of a ReadProcessMemory or WriteProcessMemory request was completed. (0x12B)
[0603/110401.102:ERROR:process_memory_win.cc(73)] ReadMemory at 0x1b8bd4f0740 of 512 bytes failed: Only part of a ReadProcessMemory or WriteProcessMemory request was completed. (0x12B)
[0603/110401.102:ERROR:process_memory_win.cc(73)] ReadMemory at 0x1b8bd52c1f0 of 512 bytes failed: Only part of a ReadProcessMemory or WriteProcessMemory request was completed. (0x12B)
[0603/110401.102:ERROR:process_memory_win.cc(73)] ReadMemory at 0x1b8bd53a550 of 512 bytes failed: Only part of a ReadProcessMemory or WriteProcessMemory request was completed. (0x12B)
[0603/110401.102:ERROR:process_memory_win.cc(73)] ReadMemory at 0x1b8bd53b5d0 of 512 bytes failed: Only part of a ReadProcessMemory or WriteProcessMemory request was completed. (0x12B)
[0603/110401.102:ERROR:process_memory_win.cc(73)] ReadMemory at 0x1b8bd5529c0 of 512 bytes failed: Only part of a ReadProcessMemory or WriteProcessMemory request was completed. (0x12B)
[0603/110401.102:ERROR:process_memory_win.cc(73)] ReadMemory at 0x1b8be6a2160 of 512 bytes failed: Only part of a ReadProcessMemory or WriteProcessMemory request was completed. (0x12B)
[0603/110401.102:ERROR:process_memory_win.cc(73)] ReadMemory at 0x47530c217f80 of 512 bytes failed: Only part of a ReadProcessMemory or WriteProcessMemory request was completed. (0x12B)
[0603/110401.102:ERROR:process_memory_win.cc(73)] ReadMemory at 0x583c8210f780 of 512 bytes failed: Only part of a ReadProcessMemory or WriteProcessMemory request was completed. (0x12B)
[0603/110401.102:ERROR:process_memory_win.cc(73)] ReadMemory at 0x583c82113380 of 512 bytes failed: Only part of a ReadProcessMemory or WriteProcessMemory request was completed. (0x12B)
[0603/110401.102:ERROR:process_memory_win.cc(73)] ReadMemory at 0x583c82f6bf80 of 512 bytes failed: Only part of a ReadProcessMemory or WriteProcessMemory request was completed. (0x12B)
[0603/110401.102:ERROR:process_memory_win.cc(73)] ReadMemory at 0x583c83646b80 of 512 bytes failed: Only part of a ReadProcessMemory or WriteProcessMemory request was completed. (0x12B)
[0603/110401.102:ERROR:process_memory_win.cc(73)] ReadMemory at 0x7ffd0890e17d of 512 bytes failed: Only part of a ReadProcessMemory or WriteProcessMemory request was completed. (0x12B)
[0603/110401.102:ERROR:process_memory_win.cc(73)] ReadMemory at 0x7ffd0ae7f01a of 512 bytes failed: Only part of a ReadProcessMemory or WriteProcessMemory request was completed. (0x12B)
[0603/110401.102:ERROR:process_memory_win.cc(73)] ReadMemory at 0x7ffd3fd44b09 of 512 bytes failed: Only part of a ReadProcessMemory or WriteProcessMemory request was completed. (0x12B)
[0603/110401.102:ERROR:process_memory_win.cc(73)] ReadMemory at 0x7ffd3ff9d738 of 512 bytes failed: Only part of a ReadProcessMemory or WriteProcessMemory request was completed. (0x12B)
[0603/110401.102:ERROR:process_memory_win.cc(73)] ReadMemory at 0x7ffd40844a50 of 512 bytes failed: Only part of a ReadProcessMemory or WriteProcessMemory request was completed. (0x12B)
[0603/110401.103:ERROR:process_memory_win.cc(73)] ReadMemory at 0x7ffd425ece24 of 672 bytes failed: Only part of a ReadProcessMemory or WriteProcessMemory request was completed. (0x12B)
[0603/110401.103:ERROR:process_memory_win.cc(73)] ReadMemory at 0x7ffd425ed424 of 512 bytes failed: Only part of a ReadProcessMemory or WriteProcessMemory request was completed. (0x12B)
[0603/110401.103:ERROR:process_memory_win.cc(73)] ReadMemory at 0x7ffd425f0794 of 608 bytes failed: Only part of a ReadProcessMemory or WriteProcessMemory request was completed. (0x12B)
[0603/110401.103:ERROR:process_memory_win.cc(73)] ReadMemory at 0x7ffd42680b20 of 18 bytes failed: Only part of a ReadProcessMemory or WriteProcessMemory request was completed. (0x12B)
[0603/110401.103:ERROR:process_memory_win.cc(73)] ReadMemory at 0x7ffd426b44f8 of 40 bytes failed: Only part of a ReadProcessMemory or WriteProcessMemory request was completed. (0x12B)
[0603/110401.103:ERROR:process_memory_win.cc(73)] ReadMemory at 0x7ffd426b4978 of 48 bytes failed: Only part of a ReadProcessMemory or WriteProcessMemory request was completed. (0x12B)
[0603/110401.103:ERROR:process_memory_win.cc(73)] ReadMemory at 0x7ffd426ba4c0 of 64 bytes failed: Only part of a ReadProcessMemory or WriteProcessMemory request was completed. (0x12B)
[0603/110401.104:ERROR:scoped_process_suspend.cc(40)] NtResumeProcess: An attempt was made to access an exiting process. (0xc000010a)
